[debug] [2022-05-28T07:41:57.819Z] ----------------------------------------------------------------------
[debug] [2022-05-28T07:41:57.821Z] Command:       H:\node.exe C:\Users\User\AppData\Roaming\npm\node_modules\firebase-tools\lib\bin\firebase.js deploy
[debug] [2022-05-28T07:41:57.822Z] CLI Version:   11.0.1
[debug] [2022-05-28T07:41:57.822Z] Platform:      win32
[debug] [2022-05-28T07:41:57.822Z] Node Version:  v16.15.0
[debug] [2022-05-28T07:41:57.823Z] Time:          Sat May 28 2022 13:41:57 GMT+0600 (Bangladesh Standard Time)
[debug] [2022-05-28T07:41:57.823Z] ----------------------------------------------------------------------
[debug] 
[debug] [2022-05-28T07:41:57.920Z] > command requires scopes: ["email","openid","https://www.googleapis.com/auth/cloudplatformprojects.readonly","https://www.googleapis.com/auth/firebase","https://www.googleapis.com/auth/cloud-platform"]
[debug] [2022-05-28T07:41:57.921Z] > authorizing via signed-in user (shihabreza457@gmail.com)
[debug] [2022-05-28T07:41:57.921Z] [iam] checking project pix-parts for permissions ["firebase.projects.get","firebasehosting.sites.update"]
[debug] [2022-05-28T07:41:57.923Z] > refreshing access token with scopes: []
[debug] [2022-05-28T07:41:57.923Z] >>> HTTP REQUEST POST https://www.googleapis.com/oauth2/v3/token  
 <request body omitted>
[debug] [2022-05-28T07:41:57.948Z] [iam] error while checking permissions, command may fail: FirebaseError: Authentication Error: Your credentials are no longer valid. Please run firebase login --reauth

For CI servers and headless environments, generate a new token with firebase login:ci
[debug] [2022-05-28T07:41:57.949Z] > refreshing access token with scopes: []
[debug] [2022-05-28T07:41:57.949Z] >>> HTTP REQUEST POST https://www.googleapis.com/oauth2/v3/token  
 <request body omitted>
[debug] [2022-05-28T07:41:57.953Z] Authentication Error: Your credentials are no longer valid. Please run firebase login --reauth

For CI servers and headless environments, generate a new token with firebase login:ci
[debug] [2022-05-28T07:41:57.958Z] FirebaseError: Authentication Error: Your credentials are no longer valid. Please run firebase login --reauth

For CI servers and headless environments, generate a new token with firebase login:ci
    at invalidCredentialError (C:\Users\User\AppData\Roaming\npm\node_modules\firebase-tools\lib\auth.js:145:12)
    at refreshTokens (C:\Users\User\AppData\Roaming\npm\node_modules\firebase-tools\lib\auth.js:485:15)
    at processTicksAndRejections (node:internal/process/task_queues:96:5)
    at async Client.getAccessToken (C:\Users\User\AppData\Roaming\npm\node_modules\firebase-tools\lib\apiv2.js:147:23)
    at async Client.addAuthHeader (C:\Users\User\AppData\Roaming\npm\node_modules\firebase-tools\lib\apiv2.js:138:21)
    at async Client.request (C:\Users\User\AppData\Roaming\npm\node_modules\firebase-tools\lib\apiv2.js:94:34)
    at async getFirebaseProject (C:\Users\User\AppData\Roaming\npm\node_modules\firebase-tools\lib\management\projects.js:296:21)
    at async getDefaultHostingSite (C:\Users\User\AppData\Roaming\npm\node_modules\firebase-tools\lib\getDefaultHostingSite.js:8:21)
    at async requireHostingSite (C:\Users\User\AppData\Roaming\npm\node_modules\firebase-tools\lib\requireHostingSite.js:9:18)
    at async Object.fn (C:\Users\User\AppData\Roaming\npm\node_modules\firebase-tools\lib\commands\deploy.js:73:9)
    at async C:\Users\User\AppData\Roaming\npm\node_modules\firebase-tools\lib\command.js:188:17
[error] 
[error] Error: Failed to get Firebase project pix-parts. Please make sure the project exists and your account has permission to access it.
